Determining if the pthread_create exist failed with the following output:
Change Dir: /home/anant/FM_sim/build/CMakeFiles/CMakeTmp

Run Build Command:"/usr/bin/make" "cmTC_fbe78/fast"
/usr/bin/make -f CMakeFiles/cmTC_fbe78.dir/build.make CMakeFiles/cmTC_fbe78.dir/build
make[1]: Entering directory '/home/anant/FM_sim/build/CMakeFiles/CMakeTmp'
Building C object CMakeFiles/cmTC_fbe78.dir/CheckSymbolExists.c.o
/usr/bin/cc    -o CMakeFiles/cmTC_fbe78.dir/CheckSymbolExists.c.o   -c /home/anant/FM_sim/build/CMakeFiles/CMakeTmp/CheckSymbolExists.c
Linking C executable cmTC_fbe78
/usr/bin/cmake -E cmake_link_script CMakeFiles/cmTC_fbe78.dir/link.txt --verbose=1
/usr/bin/cc      -rdynamic CMakeFiles/cmTC_fbe78.dir/CheckSymbolExists.c.o  -o cmTC_fbe78 
CMakeFiles/cmTC_fbe78.dir/CheckSymbolExists.c.o: In function `main':
CheckSymbolExists.c:(.text+0x1b): undefined reference to `pthread_create'
collect2: error: ld returned 1 exit status
CMakeFiles/cmTC_fbe78.dir/build.make:97: recipe for target 'cmTC_fbe78' failed
make[1]: *** [cmTC_fbe78] Error 1
make[1]: Leaving directory '/home/anant/FM_sim/build/CMakeFiles/CMakeTmp'
Makefile:126: recipe for target 'cmTC_fbe78/fast' failed
make: *** [cmTC_fbe78/fast] Error 2

File /home/anant/FM_sim/build/CMakeFiles/CMakeTmp/CheckSymbolExists.c:
/* */
#include <pthread.h>

int main(int argc, char** argv)
{
  (void)argv;
#ifndef pthread_create
  return ((int*)(&pthread_create))[argc];
#else
  (void)argc;
  return 0;
#endif
}

Determining if the function pthread_create exists in the pthreads failed with the following output:
Change Dir: /home/anant/FM_sim/build/CMakeFiles/CMakeTmp

Run Build Command:"/usr/bin/make" "cmTC_44084/fast"
/usr/bin/make -f CMakeFiles/cmTC_44084.dir/build.make CMakeFiles/cmTC_44084.dir/build
make[1]: Entering directory '/home/anant/FM_sim/build/CMakeFiles/CMakeTmp'
Building C object CMakeFiles/cmTC_44084.dir/CheckFunctionExists.c.o
/usr/bin/cc   -DCHECK_FUNCTION_EXISTS=pthread_create   -o CMakeFiles/cmTC_44084.dir/CheckFunctionExists.c.o   -c /usr/share/cmake-3.10/Modules/CheckFunctionExists.c
Linking C executable cmTC_44084
/usr/bin/cmake -E cmake_link_script CMakeFiles/cmTC_44084.dir/link.txt --verbose=1
/usr/bin/cc  -DCHECK_FUNCTION_EXISTS=pthread_create    -rdynamic CMakeFiles/cmTC_44084.dir/CheckFunctionExists.c.o  -o cmTC_44084 -lpthreads 
/usr/bin/ld: cannot find -lpthreads
collect2: error: ld returned 1 exit status
CMakeFiles/cmTC_44084.dir/build.make:97: recipe for target 'cmTC_44084' failed
make[1]: *** [cmTC_44084] Error 1
make[1]: Leaving directory '/home/anant/FM_sim/build/CMakeFiles/CMakeTmp'
Makefile:126: recipe for target 'cmTC_44084/fast' failed
make: *** [cmTC_44084/fast] Error 2


